<?xml version="1.0" encoding="UTF-8"?>
<!-- Generated by org.testng.reporters.JUnitXMLReporter -->
<testsuite ignored="0" hostname="DESKTOP-TG9A41H" failures="0" tests="5" name="Test" time="0.409" errors="0" timestamp="2025-06-06T21:37:49 IST">
  <testcase classname="testng.concepts.WebCommons" name="@BeforeMethod launchBrowserAndApplication" time="-1.74922606906E9">
    <failure type="org.testng.TestNGException" message="
Parameter &amp;apos;BROWSER&amp;apos; is required by BeforeMethod on method launchBrowserAndApplication but has not been marked @Optional or defined
in C:\AutomationTraining\automation\testng.xml">
      <![CDATA[org.testng.TestNGException: 
Parameter 'BROWSER' is required by BeforeMethod on method launchBrowserAndApplication but has not been marked @Optional or defined
in C:\AutomationTraining\automation\testng.xml
at java.base/java.util.ArrayList.forEach(ArrayList.java:1511)
... Removed 28 stack frames]]>
    </failure>
  </testcase> <!-- @BeforeMethod launchBrowserAndApplication -->
  <testcase classname="testng.concepts.WebCommons" name="@AfterMethod closeBrowser" time="0.0">
    <skipped/>
  </testcase> <!-- @AfterMethod closeBrowser -->
  <testcase classname="testng.concepts.WebCommons" name="@BeforeMethod launchBrowserAndApplication" time="0.0">
    <skipped/>
  </testcase> <!-- @BeforeMethod launchBrowserAndApplication -->
  <testcase classname="testng.concepts.WebCommons" name="@AfterMethod closeBrowser" time="0.0">
    <skipped/>
  </testcase> <!-- @AfterMethod closeBrowser -->
  <testcase classname="testng.concepts.WebCommons" name="@BeforeMethod launchBrowserAndApplication" time="0.0">
    <skipped/>
  </testcase> <!-- @BeforeMethod launchBrowserAndApplication -->
  <testcase classname="testng.concepts.WebCommons" name="@AfterMethod closeBrowser" time="0.0">
    <skipped/>
  </testcase> <!-- @AfterMethod closeBrowser -->
  <testcase classname="testng.concepts.WebCommons" name="@BeforeMethod launchBrowserAndApplication" time="0.0">
    <skipped/>
  </testcase> <!-- @BeforeMethod launchBrowserAndApplication -->
  <testcase classname="testng.concepts.WebCommons" name="@AfterMethod closeBrowser" time="0.0">
    <skipped/>
  </testcase> <!-- @AfterMethod closeBrowser -->
  <testcase classname="testng.concepts.WebCommons" name="@BeforeMethod launchBrowserAndApplication" time="0.0">
    <skipped/>
  </testcase> <!-- @BeforeMethod launchBrowserAndApplication -->
  <testcase classname="testng.concepts.WebCommons" name="@AfterMethod closeBrowser" time="0.0">
    <skipped/>
  </testcase> <!-- @AfterMethod closeBrowser -->
  <testcase classname="testng.concepts.AppCommons" name="TestCase1" time="0.0">
    <skipped/>
  </testcase> <!-- TestCase1 -->
  <testcase classname="testng.concepts.AppCommons" name="TestCase2" time="0.002">
    <skipped/>
  </testcase> <!-- TestCase2 -->
  <testcase classname="testng.concepts.AppCommons" name="TestCase3" time="0.0">
    <skipped/>
  </testcase> <!-- TestCase3 -->
  <testcase classname="testng.concepts.AppCommons" name="TestCase3" time="0.0">
    <skipped/>
  </testcase> <!-- TestCase3 -->
  <testcase classname="testng.concepts.AppCommons" name="TestCase3" time="0.0">
    <skipped/>
  </testcase> <!-- TestCase3 -->
</testsuite> <!-- Test -->
